0 info it worked if it ends with ok
1 verbose cli [ 'C:\\Program Files\\nodejs\\node.exe',
1 verbose cli   'C:\\Program Files\\nodejs\\node_modules\\npm\\bin\\npm-cli.js',
1 verbose cli   'run-script',
1 verbose cli   'gulp' ]
2 info using npm@2.15.8
3 info using node@v4.4.7
4 verbose run-script [ 'pregulp', 'gulp', 'postgulp' ]
5 info pregulp twentysixteen@1.0.94
6 info gulp twentysixteen@1.0.94
7 verbose unsafe-perm in lifecycle true
8 info twentysixteen@1.0.94 Failed to exec gulp script
9 verbose stack Error: twentysixteen@1.0.94 gulp: `gulp css:watch`
9 verbose stack Exit status 1
9 verbose stack     at EventEmitter.<anonymous> (C:\Users\joe\AppData\Roaming\nvm\v4.4.7\node_modules\npm\lib\utils\lifecycle.js:217:16)
9 verbose stack     at emitTwo (events.js:87:13)
9 verbose stack     at EventEmitter.emit (events.js:172:7)
9 verbose stack     at ChildProcess.<anonymous> (C:\Users\joe\AppData\Roaming\nvm\v4.4.7\node_modules\npm\lib\utils\spawn.js:24:14)
9 verbose stack     at emitTwo (events.js:87:13)
9 verbose stack     at ChildProcess.emit (events.js:172:7)
9 verbose stack     at maybeClose (internal/child_process.js:827:16)
9 verbose stack     at Process.ChildProcess._handle.onexit (internal/child_process.js:211:5)
10 verbose pkgid twentysixteen@1.0.94
11 verbose cwd C:\wamp\www\my-site\wordpress\wp-content\themes\twentysixteen
12 error Windows_NT 10.0.10586
13 error argv "C:\\Program Files\\nodejs\\node.exe" "C:\\Program Files\\nodejs\\node_modules\\npm\\bin\\npm-cli.js" "run-script" "gulp"
14 error node v4.4.7
15 error npm  v2.15.8
16 error code ELIFECYCLE
17 error twentysixteen@1.0.94 gulp: `gulp css:watch`
17 error Exit status 1
18 error Failed at the twentysixteen@1.0.94 gulp script 'gulp css:watch'.
18 error This is most likely a problem with the twentysixteen package,
18 error not with npm itself.
18 error Tell the author that this fails on your system:
18 error     gulp css:watch
18 error You can get information on how to open an issue for this project with:
18 error     npm bugs twentysixteen
18 error Or if that isn't available, you can get their info via:
18 error
18 error     npm owner ls twentysixteen
18 error There is likely additional logging output above.
19 verbose exit [ 1, true ]
